<?xml version="1.0" encoding="UTF-8"?>
<testsuite name="powerpackage.PowerTest" tests="4" skipped="0" failures="0" errors="0" timestamp="2022-02-11T17:09:25" hostname="LEGION" time="0.002">
  <properties/>
  <testcase name="oneRaisedToOneIsOne" classname="powerpackage.PowerTest" time="0.002"/>
  <testcase name="twoRaisedToOneIsTwo" classname="powerpackage.PowerTest" time="0.0"/>
  <testcase name="twoPowerTwoIsFour" classname="powerpackage.PowerTest" time="0.0"/>
  <testcase name="powerOfTwoAndThreeIsSix" classname="powerpackage.PowerTest" time="0.0"/>
  <system-out><![CDATA[]]></system-out>
  <system-err><![CDATA[]]></system-err>
</testsuite>
